<?xml version="1.0" encoding="UTF-8"?>
<testsuite name="com.tw.ApplicationTest" tests="1" skipped="0" failures="0" errors="0" timestamp="2022-05-04T10:56:58" hostname="Giovannis-MacBook-Pro.local" time="0.012">
  <properties/>
  <testcase name="testRoot$server()" classname="com.tw.ApplicationTest" time="0.012"/>
  <system-out><![CDATA[]]></system-out>
  <system-err><![CDATA[]]></system-err>
</testsuite>
